{"/home/weslley/Documents/test-warren/src/services/AccountService.ts": {"path":"/home/weslley/Documents/test-warren/src/services/AccountService.ts","statementMap":{"0":{"start":{"line":2,"column":0},"end":{"line":2,"column":66}},"1":{"start":{"line":8,"column":8},"end":{"line":8,"column":51}},"2":{"start":{"line":12,"column":28},"end":{"line":12,"column":76}},"3":{"start":{"line":13,"column":8},"end":{"line":15,"column":null}},"4":{"start":{"line":14,"column":12},"end":{"line":14,"column":49}},"5":{"start":{"line":16,"column":30},"end":{"line":16,"column":59}},"6":{"start":{"line":18,"column":8},"end":{"line":18,"column":29}},"7":{"start":{"line":5,"column":0},"end":{"line":5,"column":13}}},"fnMap":{"0":{"name":"(anonymous_0)","decl":{"start":{"line":7,"column":4},"end":{"line":7,"column":16}},"loc":{"start":{"line":7,"column":60},"end":{"line":9,"column":5}}},"1":{"name":"(anonymous_1)","decl":{"start":{"line":11,"column":4},"end":{"line":11,"column":9}},"loc":{"start":{"line":11,"column":43},"end":{"line":19,"column":5}}}},"branchMap":{"0":{"loc":{"start":{"line":13,"column":8},"end":{"line":15,"column":null}},"type":"if","locations":[{"start":{"line":13,"column":8},"end":{"line":15,"column":null}},{"start":{"line":13,"column":8},"end":{"line":15,"column":null}}]}},"s":{"0":1,"1":2,"2":2,"3":1,"4":0,"5":1,"6":1,"7":1},"f":{"0":2,"1":2},"b":{"0":[0,1]}}
,"/home/weslley/Documents/test-warren/src/services/DepositService.ts": {"path":"/home/weslley/Documents/test-warren/src/services/DepositService.ts","statementMap":{"0":{"start":{"line":4,"column":0},"end":{"line":4,"column":65}},"1":{"start":{"line":10,"column":6},"end":{"line":10,"column":49}},"2":{"start":{"line":14,"column":22},"end":{"line":14,"column":75}},"3":{"start":{"line":15,"column":6},"end":{"line":15,"column":null}},"4":{"start":{"line":6,"column":0},"end":{"line":6,"column":13}}},"fnMap":{"0":{"name":"(anonymous_0)","decl":{"start":{"line":9,"column":3},"end":{"line":9,"column":15}},"loc":{"start":{"line":9,"column":59},"end":{"line":11,"column":4}}},"1":{"name":"(anonymous_1)","decl":{"start":{"line":13,"column":3},"end":{"line":13,"column":8}},"loc":{"start":{"line":13,"column":43},"end":{"line":16,"column":4}}}},"branchMap":{},"s":{"0":1,"1":2,"2":2,"3":1,"4":1},"f":{"0":2,"1":2},"b":{}}
,"/home/weslley/Documents/test-warren/src/services/WithdrawService.ts": {"path":"/home/weslley/Documents/test-warren/src/services/WithdrawService.ts","statementMap":{"0":{"start":{"line":4,"column":0},"end":{"line":4,"column":67}},"1":{"start":{"line":11,"column":6},"end":{"line":11,"column":51}},"2":{"start":{"line":15,"column":27},"end":{"line":15,"column":67}},"3":{"start":{"line":17,"column":6},"end":{"line":19,"column":null}},"4":{"start":{"line":18,"column":9},"end":{"line":18,"column":48}},"5":{"start":{"line":21,"column":27},"end":{"line":21,"column":79}},"6":{"start":{"line":22,"column":6},"end":{"line":22,"column":59}},"7":{"start":{"line":7,"column":0},"end":{"line":7,"column":13}}},"fnMap":{"0":{"name":"(anonymous_0)","decl":{"start":{"line":10,"column":3},"end":{"line":10,"column":15}},"loc":{"start":{"line":10,"column":61},"end":{"line":12,"column":4}}},"1":{"name":"(anonymous_1)","decl":{"start":{"line":14,"column":3},"end":{"line":14,"column":8}},"loc":{"start":{"line":14,"column":42},"end":{"line":23,"column":4}}}},"branchMap":{"0":{"loc":{"start":{"line":17,"column":6},"end":{"line":19,"column":null}},"type":"if","locations":[{"start":{"line":17,"column":6},"end":{"line":19,"column":null}},{"start":{"line":17,"column":6},"end":{"line":19,"column":null}}]}},"s":{"0":1,"1":3,"2":3,"3":3,"4":1,"5":2,"6":1,"7":1},"f":{"0":3,"1":3},"b":{"0":[1,2]}}
,"/home/weslley/Documents/test-warren/src/transforms/AccountTransform.ts": {"path":"/home/weslley/Documents/test-warren/src/transforms/AccountTransform.ts","statementMap":{"0":{"start":{"line":4,"column":32},"end":{"line":12,"column":1}},"1":{"start":{"line":5,"column":4},"end":{"line":11,"column":6}},"2":{"start":{"line":4,"column":13},"end":{"line":4,"column":32}}},"fnMap":{"0":{"name":"(anonymous_0)","decl":{"start":{"line":4,"column":32},"end":{"line":4,"column":33}},"loc":{"start":{"line":4,"column":64},"end":{"line":12,"column":1}}}},"branchMap":{},"s":{"0":1,"1":1,"2":1},"f":{"0":1},"b":{}}
,"/home/weslley/Documents/test-warren/src/transforms/DepositTransform.ts": {"path":"/home/weslley/Documents/test-warren/src/transforms/DepositTransform.ts","statementMap":{"0":{"start":{"line":4,"column":32},"end":{"line":11,"column":1}},"1":{"start":{"line":5,"column":4},"end":{"line":10,"column":6}},"2":{"start":{"line":4,"column":13},"end":{"line":4,"column":32}}},"fnMap":{"0":{"name":"(anonymous_0)","decl":{"start":{"line":4,"column":32},"end":{"line":4,"column":33}},"loc":{"start":{"line":4,"column":67},"end":{"line":11,"column":1}}}},"branchMap":{},"s":{"0":1,"1":1,"2":1},"f":{"0":1},"b":{}}
,"/home/weslley/Documents/test-warren/src/transforms/WithdrawTransform.ts": {"path":"/home/weslley/Documents/test-warren/src/transforms/WithdrawTransform.ts","statementMap":{"0":{"start":{"line":4,"column":33},"end":{"line":12,"column":1}},"1":{"start":{"line":5,"column":4},"end":{"line":11,"column":6}},"2":{"start":{"line":4,"column":13},"end":{"line":4,"column":33}}},"fnMap":{"0":{"name":"(anonymous_0)","decl":{"start":{"line":4,"column":33},"end":{"line":4,"column":34}},"loc":{"start":{"line":4,"column":93},"end":{"line":12,"column":1}}}},"branchMap":{},"s":{"0":1,"1":1,"2":1},"f":{"0":1},"b":{}}
}
